  161110_연결 리스트를 이용한 해쉬 체이닝 구현.c
d:\자료구조(2)\chapter11_해싱\161110_연결 리스트를 이용한 해쉬 체이닝 구현\161110_연결 리스트를 이용한 해쉬 체이닝 구현\linked_list.h(4): error C2061: 구문 오류 : 식별자 'ListNode'
d:\자료구조(2)\chapter11_해싱\161110_연결 리스트를 이용한 해쉬 체이닝 구현\161110_연결 리스트를 이용한 해쉬 체이닝 구현\linked_list.h(5): error C2059: 구문 오류 : '}'
d:\자료구조(2)\chapter11_해싱\161110_연결 리스트를 이용한 해쉬 체이닝 구현\161110_연결 리스트를 이용한 해쉬 체이닝 구현\161110_연결 리스트를 이용한 해쉬 체이닝 구현.c(24): error C2143: 구문 오류 : '{'이(가) '*' 앞에 없습니다.
d:\자료구조(2)\chapter11_해싱\161110_연결 리스트를 이용한 해쉬 체이닝 구현\161110_연결 리스트를 이용한 해쉬 체이닝 구현\161110_연결 리스트를 이용한 해쉬 체이닝 구현.c(35): error C2143: 구문 오류 : ')'이(가) '*' 앞에 없습니다.
d:\자료구조(2)\chapter11_해싱\161110_연결 리스트를 이용한 해쉬 체이닝 구현\161110_연결 리스트를 이용한 해쉬 체이닝 구현\161110_연결 리스트를 이용한 해쉬 체이닝 구현.c(35): error C2081: 'ListNode' : 정식 매개 변수 목록에 있는 이름이 잘못되었습니다.
d:\자료구조(2)\chapter11_해싱\161110_연결 리스트를 이용한 해쉬 체이닝 구현\161110_연결 리스트를 이용한 해쉬 체이닝 구현\161110_연결 리스트를 이용한 해쉬 체이닝 구현.c(35): error C2143: 구문 오류 : '{'이(가) '*' 앞에 없습니다.
d:\자료구조(2)\chapter11_해싱\161110_연결 리스트를 이용한 해쉬 체이닝 구현\161110_연결 리스트를 이용한 해쉬 체이닝 구현\161110_연결 리스트를 이용한 해쉬 체이닝 구현.c(35): error C2059: 구문 오류 : ')'
d:\자료구조(2)\chapter11_해싱\161110_연결 리스트를 이용한 해쉬 체이닝 구현\161110_연결 리스트를 이용한 해쉬 체이닝 구현\161110_연결 리스트를 이용한 해쉬 체이닝 구현.c(35): error C2054: 'hashTable' 다음에 '('가 필요합니다.
d:\자료구조(2)\chapter11_해싱\161110_연결 리스트를 이용한 해쉬 체이닝 구현\161110_연결 리스트를 이용한 해쉬 체이닝 구현\161110_연결 리스트를 이용한 해쉬 체이닝 구현.c(59): error C2143: 구문 오류 : ')'이(가) '*' 앞에 없습니다.
d:\자료구조(2)\chapter11_해싱\161110_연결 리스트를 이용한 해쉬 체이닝 구현\161110_연결 리스트를 이용한 해쉬 체이닝 구현\161110_연결 리스트를 이용한 해쉬 체이닝 구현.c(59): error C2081: 'ListNode' : 정식 매개 변수 목록에 있는 이름이 잘못되었습니다.
d:\자료구조(2)\chapter11_해싱\161110_연결 리스트를 이용한 해쉬 체이닝 구현\161110_연결 리스트를 이용한 해쉬 체이닝 구현\161110_연결 리스트를 이용한 해쉬 체이닝 구현.c(59): error C2143: 구문 오류 : '{'이(가) '*' 앞에 없습니다.
d:\자료구조(2)\chapter11_해싱\161110_연결 리스트를 이용한 해쉬 체이닝 구현\161110_연결 리스트를 이용한 해쉬 체이닝 구현\161110_연결 리스트를 이용한 해쉬 체이닝 구현.c(59): error C2059: 구문 오류 : ')'
d:\자료구조(2)\chapter11_해싱\161110_연결 리스트를 이용한 해쉬 체이닝 구현\161110_연결 리스트를 이용한 해쉬 체이닝 구현\161110_연결 리스트를 이용한 해쉬 체이닝 구현.c(59): error C2054: 'hashTable' 다음에 '('가 필요합니다.
d:\자료구조(2)\chapter11_해싱\161110_연결 리스트를 이용한 해쉬 체이닝 구현\161110_연결 리스트를 이용한 해쉬 체이닝 구현\161110_연결 리스트를 이용한 해쉬 체이닝 구현.c(70): error C2143: 구문 오류 : ')'이(가) '*' 앞에 없습니다.
d:\자료구조(2)\chapter11_해싱\161110_연결 리스트를 이용한 해쉬 체이닝 구현\161110_연결 리스트를 이용한 해쉬 체이닝 구현\161110_연결 리스트를 이용한 해쉬 체이닝 구현.c(70): error C2081: 'ListNode' : 정식 매개 변수 목록에 있는 이름이 잘못되었습니다.
d:\자료구조(2)\chapter11_해싱\161110_연결 리스트를 이용한 해쉬 체이닝 구현\161110_연결 리스트를 이용한 해쉬 체이닝 구현\161110_연결 리스트를 이용한 해쉬 체이닝 구현.c(70): error C2143: 구문 오류 : '{'이(가) '*' 앞에 없습니다.
d:\자료구조(2)\chapter11_해싱\161110_연결 리스트를 이용한 해쉬 체이닝 구현\161110_연결 리스트를 이용한 해쉬 체이닝 구현\161110_연결 리스트를 이용한 해쉬 체이닝 구현.c(70): error C2059: 구문 오류 : ')'
d:\자료구조(2)\chapter11_해싱\161110_연결 리스트를 이용한 해쉬 체이닝 구현\161110_연결 리스트를 이용한 해쉬 체이닝 구현\161110_연결 리스트를 이용한 해쉬 체이닝 구현.c(70): error C2054: 'hashTable' 다음에 '('가 필요합니다.
d:\자료구조(2)\chapter11_해싱\161110_연결 리스트를 이용한 해쉬 체이닝 구현\161110_연결 리스트를 이용한 해쉬 체이닝 구현\161110_연결 리스트를 이용한 해쉬 체이닝 구현.c(97): warning C4013: 'add'이(가) 정의되지 않았습니다. extern은 int형을 반환하는 것으로 간주합니다.
d:\자료구조(2)\chapter11_해싱\161110_연결 리스트를 이용한 해쉬 체이닝 구현\161110_연결 리스트를 이용한 해쉬 체이닝 구현\161110_연결 리스트를 이용한 해쉬 체이닝 구현.c(100): warning C4013: 'delete_hash'이(가) 정의되지 않았습니다. extern은 int형을 반환하는 것으로 간주합니다.
d:\자료구조(2)\chapter11_해싱\161110_연결 리스트를 이용한 해쉬 체이닝 구현\161110_연결 리스트를 이용한 해쉬 체이닝 구현\161110_연결 리스트를 이용한 해쉬 체이닝 구현.c(103): warning C4013: 'search'이(가) 정의되지 않았습니다. extern은 int형을 반환하는 것으로 간주합니다.
